2024-04-23 05:08:31,843 - root - INFO - Epoch 0; loss: 15.265365600585938; CER: 2.0437750816345215; WER: 1.0; val_loss: 5.106838703155518; val_CER: 1.0; val_WER: 1.0
2024-04-23 05:09:24,107 - root - INFO - Epoch 1; loss: 5.0766706466674805; CER: 1.0; WER: 1.0; val_loss: 5.0216593742370605; val_CER: 1.0; val_WER: 1.0
2024-04-23 05:10:14,323 - root - INFO - Epoch 2; loss: 4.84630823135376; CER: 1.0; WER: 1.0; val_loss: 4.438626766204834; val_CER: 1.0; val_WER: 1.0
2024-04-23 05:11:04,808 - root - INFO - Epoch 3; loss: 4.292795658111572; CER: 1.0; WER: 1.0; val_loss: 4.191157817840576; val_CER: 1.0; val_WER: 1.0
2024-04-23 05:11:56,285 - root - INFO - Epoch 4; loss: 4.187225341796875; CER: 0.994779109954834; WER: 0.994779109954834; val_loss: 4.162415981292725; val_CER: 0.9783393740653992; val_WER: 0.9783393740653992
2024-04-23 05:12:45,447 - root - INFO - Epoch 5; loss: 4.163747310638428; CER: 0.9795180559158325; WER: 0.9795180559158325; val_loss: 4.143834114074707; val_CER: 0.9819494485855103; val_WER: 0.9819494485855103
2024-04-23 05:13:33,797 - root - INFO - Epoch 6; loss: 4.151455879211426; CER: 0.9767068028450012; WER: 0.9767068028450012; val_loss: 4.136884689331055; val_CER: 0.9819494485855103; val_WER: 0.9819494485855103
2024-04-23 05:14:27,527 - root - INFO - Epoch 7; loss: 4.141262054443359; CER: 0.9742971658706665; WER: 0.9742971658706665; val_loss: 4.140175819396973; val_CER: 0.9747292399406433; val_WER: 0.9747292399406433
2024-04-23 05:15:19,418 - root - INFO - Epoch 8; loss: 4.141017436981201; CER: 0.9751003980636597; WER: 0.9751003980636597; val_loss: 4.137901782989502; val_CER: 0.9747292399406433; val_WER: 0.9747292399406433
2024-04-23 05:16:11,356 - root - INFO - Epoch 9; loss: 4.1335129737854; CER: 0.9807229042053223; WER: 0.9807229042053223; val_loss: 4.1376543045043945; val_CER: 0.9638988971710205; val_WER: 0.9638988971710205
2024-04-23 05:17:02,728 - root - INFO - Epoch 10; loss: 4.129860877990723; CER: 0.9698795080184937; WER: 0.9698795080184937; val_loss: 4.1446051597595215; val_CER: 0.9819494485855103; val_WER: 0.9819494485855103
2024-04-23 05:17:53,900 - root - INFO - Epoch 11; loss: 4.119134902954102; CER: 0.9698795080184937; WER: 0.9698795080184937; val_loss: 4.1623334884643555; val_CER: 0.9819494485855103; val_WER: 0.9819494485855103
2024-04-23 05:18:45,661 - root - INFO - Epoch 12; loss: 4.095699310302734; CER: 0.9578313231468201; WER: 0.9578313231468201; val_loss: 4.143154621124268; val_CER: 0.9819494485855103; val_WER: 0.9819494485855103
2024-04-23 05:19:44,885 - root - INFO - Epoch 13; loss: 4.020870208740234; CER: 0.952610433101654; WER: 0.952610433101654; val_loss: 4.196845054626465; val_CER: 0.9747292399406433; val_WER: 0.9747292399406433
2024-04-23 05:20:36,972 - root - INFO - Epoch 14; loss: 3.921069860458374; CER: 0.9457831382751465; WER: 0.9457831382751465; val_loss: 4.403862476348877; val_CER: 0.9819494485855103; val_WER: 0.9819494485855103
2024-04-23 05:21:29,879 - root - INFO - Epoch 15; loss: 3.830198049545288; CER: 0.9413654804229736; WER: 0.9413654804229736; val_loss: 3.9933173656463623; val_CER: 0.9350180625915527; val_WER: 0.9350180625915527
2024-04-23 05:22:22,505 - root - INFO - Epoch 16; loss: 3.723011016845703; CER: 0.9192771315574646; WER: 0.9192771315574646; val_loss: 3.734076738357544; val_CER: 0.9205776453018188; val_WER: 0.9205776453018188
2024-04-23 05:23:14,687 - root - INFO - Epoch 17; loss: 3.5625553131103516; CER: 0.8859437704086304; WER: 0.8859437704086304; val_loss: 3.8268256187438965; val_CER: 0.9133573770523071; val_WER: 0.9133573770523071
2024-04-23 05:24:06,783 - root - INFO - Epoch 18; loss: 3.4274275302886963; CER: 0.8618474006652832; WER: 0.8618474006652832; val_loss: 3.37129545211792; val_CER: 0.8122743964195251; val_WER: 0.8122743964195251
2024-04-23 05:24:57,427 - root - INFO - Epoch 19; loss: 3.304304838180542; CER: 0.845381498336792; WER: 0.845381498336792; val_loss: 3.2929422855377197; val_CER: 0.8122743964195251; val_WER: 0.8122743964195251
2024-04-23 05:25:48,365 - root - INFO - Epoch 20; loss: 3.1643130779266357; CER: 0.8084337115287781; WER: 0.8084337115287781; val_loss: 3.530942440032959; val_CER: 0.8555956482887268; val_WER: 0.8555956482887268
2024-04-23 05:26:39,262 - root - INFO - Epoch 21; loss: 3.0811927318573; CER: 0.8164658546447754; WER: 0.8164658546447754; val_loss: 3.276160478591919; val_CER: 0.8194946050643921; val_WER: 0.8194946050643921
2024-04-23 05:27:31,913 - root - INFO - Epoch 22; loss: 2.9630823135375977; CER: 0.7738955616950989; WER: 0.7738955616950989; val_loss: 3.088252067565918; val_CER: 0.7906137108802795; val_WER: 0.7906137108802795
2024-04-23 05:28:23,634 - root - INFO - Epoch 23; loss: 2.8782055377960205; CER: 0.7726907730102539; WER: 0.7726907730102539; val_loss: 3.261666774749756; val_CER: 0.8158844709396362; val_WER: 0.8158844709396362
2024-04-23 05:29:17,592 - root - INFO - Epoch 24; loss: 2.7762064933776855; CER: 0.7293172478675842; WER: 0.7293172478675842; val_loss: 3.040721893310547; val_CER: 0.7689530849456787; val_WER: 0.7689530849456787
2024-04-23 05:30:12,618 - root - INFO - Epoch 25; loss: 2.658759593963623; CER: 0.7144578099250793; WER: 0.7144578099250793; val_loss: 2.974625825881958; val_CER: 0.7761732935905457; val_WER: 0.7761732935905457
2024-04-23 05:31:06,807 - root - INFO - Epoch 26; loss: 2.568459987640381; CER: 0.6907630562782288; WER: 0.6907630562782288; val_loss: 2.6410105228424072; val_CER: 0.6931408047676086; val_WER: 0.6931408047676086
2024-04-23 05:32:00,622 - root - INFO - Epoch 27; loss: 2.500728130340576; CER: 0.6787148714065552; WER: 0.6787148714065552; val_loss: 2.436133623123169; val_CER: 0.6245487332344055; val_WER: 0.6245487332344055
2024-04-23 05:32:53,870 - root - INFO - Epoch 28; loss: 2.404327630996704; CER: 0.6542168855667114; WER: 0.6542168855667114; val_loss: 2.3996763229370117; val_CER: 0.6534296274185181; val_WER: 0.6534296274185181
2024-04-23 05:33:48,364 - root - INFO - Epoch 29; loss: 2.3230671882629395; CER: 0.6269076466560364; WER: 0.6269076466560364; val_loss: 2.2755138874053955; val_CER: 0.6137183904647827; val_WER: 0.6137183904647827
2024-04-23 05:34:41,926 - root - INFO - Epoch 30; loss: 2.252936363220215; CER: 0.627309262752533; WER: 0.627309262752533; val_loss: 2.204951763153076; val_CER: 0.6353790760040283; val_WER: 0.6353790760040283
2024-04-23 05:35:34,813 - root - INFO - Epoch 31; loss: 2.190498113632202; CER: 0.5855421423912048; WER: 0.5855421423912048; val_loss: 2.0920932292938232; val_CER: 0.6137183904647827; val_WER: 0.6137183904647827
2024-04-23 05:36:28,800 - root - INFO - Epoch 32; loss: 2.1060452461242676; CER: 0.5775100588798523; WER: 0.5775100588798523; val_loss: 2.058837652206421; val_CER: 0.570397138595581; val_WER: 0.570397138595581
2024-04-23 05:37:23,097 - root - INFO - Epoch 33; loss: 2.018660306930542; CER: 0.5634537935256958; WER: 0.5634537935256958; val_loss: 1.9730507135391235; val_CER: 0.5379061102867126; val_WER: 0.5379061102867126
2024-04-23 05:38:16,220 - root - INFO - Epoch 34; loss: 1.9726849794387817; CER: 0.552610456943512; WER: 0.552610456943512; val_loss: 1.8161265850067139; val_CER: 0.5162454843521118; val_WER: 0.5162454843521118
2024-04-23 05:39:10,161 - root - INFO - Epoch 35; loss: 1.9261764287948608; CER: 0.5393574237823486; WER: 0.5393574237823486; val_loss: 1.931776762008667; val_CER: 0.5559566617012024; val_WER: 0.5559566617012024
2024-04-23 05:40:04,179 - root - INFO - Epoch 36; loss: 1.8487623929977417; CER: 0.5164658427238464; WER: 0.5164658427238464; val_loss: 1.801067590713501; val_CER: 0.5234656929969788; val_WER: 0.5234656929969788
2024-04-23 05:40:58,254 - root - INFO - Epoch 37; loss: 1.8082504272460938; CER: 0.5088353157043457; WER: 0.5088353157043457; val_loss: 1.680561900138855; val_CER: 0.505415141582489; val_WER: 0.505415141582489
2024-04-23 05:41:53,365 - root - INFO - Epoch 38; loss: 1.7896239757537842; CER: 0.5008032321929932; WER: 0.5008032321929932; val_loss: 1.7865688800811768; val_CER: 0.505415141582489; val_WER: 0.505415141582489
2024-04-23 05:42:48,639 - root - INFO - Epoch 39; loss: 1.6932951211929321; CER: 0.4738955795764923; WER: 0.4738955795764923; val_loss: 1.6392651796340942; val_CER: 0.48736461997032166; val_WER: 0.48736461997032166
2024-04-23 05:43:44,109 - root - INFO - Epoch 40; loss: 1.6347523927688599; CER: 0.47228914499282837; WER: 0.47228914499282837; val_loss: 1.626176357269287; val_CER: 0.4729241728782654; val_WER: 0.4729241728782654
2024-04-23 05:44:38,997 - root - INFO - Epoch 41; loss: 1.6332478523254395; CER: 0.46465864777565; WER: 0.46465864777565; val_loss: 1.7495888471603394; val_CER: 0.49819493293762207; val_WER: 0.49819493293762207
2024-04-23 05:45:33,827 - root - INFO - Epoch 42; loss: 1.565530776977539; CER: 0.4574297070503235; WER: 0.4574297070503235; val_loss: 1.6583226919174194; val_CER: 0.4945848286151886; val_WER: 0.4945848286151886
2024-04-23 05:46:28,807 - root - INFO - Epoch 43; loss: 1.5454065799713135; CER: 0.4453815221786499; WER: 0.4453815221786499; val_loss: 1.5289615392684937; val_CER: 0.454873651266098; val_WER: 0.454873651266098
2024-04-23 05:47:23,356 - root - INFO - Epoch 44; loss: 1.5071138143539429; CER: 0.4429718852043152; WER: 0.4429718852043152; val_loss: 1.519669532775879; val_CER: 0.46209385991096497; val_WER: 0.46209385991096497
2024-04-23 05:48:19,230 - root - INFO - Epoch 45; loss: 1.4622068405151367; CER: 0.4333333373069763; WER: 0.4333333373069763; val_loss: 1.4849557876586914; val_CER: 0.45126354694366455; val_WER: 0.45126354694366455
2024-04-23 05:49:14,627 - root - INFO - Epoch 46; loss: 1.4348645210266113; CER: 0.41767069697380066; WER: 0.41767069697380066; val_loss: 1.392861247062683; val_CER: 0.42599278688430786; val_WER: 0.42599278688430786
2024-04-23 05:50:08,668 - root - INFO - Epoch 47; loss: 1.3958379030227661; CER: 0.41204819083213806; WER: 0.41204819083213806; val_loss: 1.417852759361267; val_CER: 0.4368230998516083; val_WER: 0.4368230998516083
2024-04-23 05:51:00,488 - root - INFO - Epoch 48; loss: 1.3853141069412231; CER: 0.40722891688346863; WER: 0.40722891688346863; val_loss: 1.3495252132415771; val_CER: 0.40072202682495117; val_WER: 0.40072202682495117
2024-04-23 05:51:51,154 - root - INFO - Epoch 49; loss: 1.3770620822906494; CER: 0.3987951874732971; WER: 0.3987951874732971; val_loss: 1.413203239440918; val_CER: 0.4115523397922516; val_WER: 0.4115523397922516
2024-04-23 05:52:41,909 - root - INFO - Epoch 50; loss: 1.3263343572616577; CER: 0.3943774998188019; WER: 0.3943774998188019; val_loss: 1.4340777397155762; val_CER: 0.42599278688430786; val_WER: 0.42599278688430786
2024-04-23 05:53:33,922 - root - INFO - Epoch 51; loss: 1.2948938608169556; CER: 0.39558231830596924; WER: 0.39558231830596924; val_loss: 1.3514480590820312; val_CER: 0.40433213114738464; val_WER: 0.40433213114738464
2024-04-23 05:54:24,470 - root - INFO - Epoch 52; loss: 1.2833294868469238; CER: 0.37228915095329285; WER: 0.37228915095329285; val_loss: 1.3277192115783691; val_CER: 0.4079422354698181; val_WER: 0.4079422354698181
2024-04-23 05:55:14,372 - root - INFO - Epoch 53; loss: 1.2278494834899902; CER: 0.3771084249019623; WER: 0.3771084249019623; val_loss: 1.3180065155029297; val_CER: 0.4079422354698181; val_WER: 0.4079422354698181
2024-04-23 05:56:03,896 - root - INFO - Epoch 54; loss: 1.1938749551773071; CER: 0.3706827163696289; WER: 0.3706827163696289; val_loss: 1.3360949754714966; val_CER: 0.40433213114738464; val_WER: 0.40433213114738464
2024-04-23 05:56:53,587 - root - INFO - Epoch 55; loss: 1.1872228384017944; CER: 0.35783132910728455; WER: 0.35783132910728455; val_loss: 1.3428044319152832; val_CER: 0.3826714754104614; val_WER: 0.3826714754104614
2024-04-23 05:57:42,804 - root - INFO - Epoch 56; loss: 1.1330482959747314; CER: 0.3421686887741089; WER: 0.3421686887741089; val_loss: 1.275762677192688; val_CER: 0.3971119225025177; val_WER: 0.3971119225025177
2024-04-23 05:58:31,309 - root - INFO - Epoch 57; loss: 1.1461749076843262; CER: 0.33775100111961365; WER: 0.33775100111961365; val_loss: 1.3007218837738037; val_CER: 0.3862815797328949; val_WER: 0.3862815797328949
2024-04-23 05:59:19,886 - root - INFO - Epoch 58; loss: 1.1145790815353394; CER: 0.3421686887741089; WER: 0.3421686887741089; val_loss: 1.3282769918441772; val_CER: 0.3862815797328949; val_WER: 0.3862815797328949
2024-04-23 06:00:09,157 - root - INFO - Epoch 59; loss: 1.100271463394165; CER: 0.338955819606781; WER: 0.338955819606781; val_loss: 1.2212951183319092; val_CER: 0.36823105812072754; val_WER: 0.36823105812072754
2024-04-23 06:00:57,077 - root - INFO - Epoch 60; loss: 1.0590846538543701; CER: 0.32008031010627747; WER: 0.32008031010627747; val_loss: 1.2498582601547241; val_CER: 0.37906137108802795; val_WER: 0.37906137108802795
2024-04-23 06:01:44,636 - root - INFO - Epoch 61; loss: 1.0684714317321777; CER: 0.32931727170944214; WER: 0.32931727170944214; val_loss: 1.2390921115875244; val_CER: 0.36823105812072754; val_WER: 0.36823105812072754
2024-04-23 06:02:33,012 - root - INFO - Epoch 62; loss: 1.0422283411026; CER: 0.31967872381210327; WER: 0.31967872381210327; val_loss: 1.2216882705688477; val_CER: 0.3646209239959717; val_WER: 0.3646209239959717
2024-04-23 06:03:20,358 - root - INFO - Epoch 63; loss: 1.0358937978744507; CER: 0.31164658069610596; WER: 0.31164658069610596; val_loss: 1.3438050746917725; val_CER: 0.4223826825618744; val_WER: 0.4223826825618744
2024-04-23 06:04:08,258 - root - INFO - Epoch 64; loss: 1.0112557411193848; CER: 0.3124498128890991; WER: 0.3124498128890991; val_loss: 1.1949011087417603; val_CER: 0.3646209239959717; val_WER: 0.3646209239959717
2024-04-23 06:04:55,629 - root - INFO - Epoch 65; loss: 0.9859085083007812; CER: 0.3044176697731018; WER: 0.3044176697731018; val_loss: 1.309767484664917; val_CER: 0.37906137108802795; val_WER: 0.37906137108802795
2024-04-23 06:05:42,348 - root - INFO - Epoch 66; loss: 0.9961169958114624; CER: 0.31164658069610596; WER: 0.31164658069610596; val_loss: 1.2217241525650024; val_CER: 0.3826714754104614; val_WER: 0.3826714754104614
2024-04-23 06:06:30,035 - root - INFO - Epoch 67; loss: 0.9559823274612427; CER: 0.2903614342212677; WER: 0.2903614342212677; val_loss: 1.2153791189193726; val_CER: 0.3610108196735382; val_WER: 0.3610108196735382
2024-04-23 06:07:18,149 - root - INFO - Epoch 68; loss: 0.9029887318611145; CER: 0.2795180678367615; WER: 0.2795180678367615; val_loss: 1.2187864780426025; val_CER: 0.35379061102867126; val_WER: 0.35379061102867126
2024-04-23 06:08:05,416 - root - INFO - Epoch 69; loss: 0.9190216064453125; CER: 0.2795180678367615; WER: 0.2795180678367615; val_loss: 1.2465707063674927; val_CER: 0.35379061102867126; val_WER: 0.35379061102867126
2024-04-23 06:08:52,971 - root - INFO - Epoch 70; loss: 0.9127110242843628; CER: 0.2847389578819275; WER: 0.2847389578819275; val_loss: 1.2816745042800903; val_CER: 0.3646209239959717; val_WER: 0.3646209239959717
2024-04-23 06:09:44,157 - root - INFO - Epoch 71; loss: 0.8924317359924316; CER: 0.2678714990615845; WER: 0.2678714990615845; val_loss: 1.2620364427566528; val_CER: 0.37906137108802795; val_WER: 0.37906137108802795
2024-04-23 06:10:31,261 - root - INFO - Epoch 72; loss: 0.8781497478485107; CER: 0.28032130002975464; WER: 0.28032130002975464; val_loss: 1.203328251838684; val_CER: 0.3754512667655945; val_WER: 0.3754512667655945
2024-04-23 06:11:17,754 - root - INFO - Epoch 73; loss: 0.8320045471191406; CER: 0.2767068147659302; WER: 0.2767068147659302; val_loss: 1.1343860626220703; val_CER: 0.33212995529174805; val_WER: 0.33212995529174805
2024-04-23 06:12:03,291 - root - INFO - Epoch 74; loss: 0.7969099283218384; CER: 0.2497991919517517; WER: 0.2497991919517517; val_loss: 1.1474602222442627; val_CER: 0.34296029806137085; val_WER: 0.34296029806137085
2024-04-23 06:12:49,628 - root - INFO - Epoch 75; loss: 0.8086497783660889; CER: 0.2534136474132538; WER: 0.2534136474132538; val_loss: 1.2533115148544312; val_CER: 0.36823105812072754; val_WER: 0.36823105812072754
2024-04-23 06:13:36,399 - root - INFO - Epoch 76; loss: 0.7715622186660767; CER: 0.24257028102874756; WER: 0.24257028102874756; val_loss: 1.2215354442596436; val_CER: 0.3249097466468811; val_WER: 0.3249097466468811
2024-04-23 06:14:21,659 - root - INFO - Epoch 77; loss: 0.7865433096885681; CER: 0.2554216980934143; WER: 0.2554216980934143; val_loss: 1.1655343770980835; val_CER: 0.35379061102867126; val_WER: 0.35379061102867126
2024-04-23 06:15:07,928 - root - INFO - Epoch 78; loss: 0.7889862656593323; CER: 0.2530120611190796; WER: 0.2530120611190796; val_loss: 1.1025139093399048; val_CER: 0.34296029806137085; val_WER: 0.34296029806137085
2024-04-23 06:15:53,692 - root - INFO - Epoch 79; loss: 0.7911235690116882; CER: 0.25381526350975037; WER: 0.25381526350975037; val_loss: 1.1632200479507446; val_CER: 0.3501805067062378; val_WER: 0.3501805067062378
2024-04-23 06:16:39,722 - root - INFO - Epoch 80; loss: 0.743536651134491; CER: 0.23172691464424133; WER: 0.23172691464424133; val_loss: 1.1079329252243042; val_CER: 0.3357400596141815; val_WER: 0.3357400596141815
2024-04-23 06:17:25,634 - root - INFO - Epoch 81; loss: 0.7626587152481079; CER: 0.23694778978824615; WER: 0.23694778978824615; val_loss: 1.263452410697937; val_CER: 0.35740071535110474; val_WER: 0.35740071535110474
2024-04-23 06:18:11,472 - root - INFO - Epoch 82; loss: 0.7196227312088013; CER: 0.229718878865242; WER: 0.229718878865242; val_loss: 1.144149899482727; val_CER: 0.3285198509693146; val_WER: 0.3285198509693146
2024-04-23 06:18:57,274 - root - INFO - Epoch 83; loss: 0.7298235893249512; CER: 0.22931726276874542; WER: 0.22931726276874542; val_loss: 1.1872220039367676; val_CER: 0.35740071535110474; val_WER: 0.35740071535110474
2024-04-23 06:19:42,679 - root - INFO - Epoch 84; loss: 0.6922918558120728; CER: 0.22811244428157806; WER: 0.22811244428157806; val_loss: 1.2160918712615967; val_CER: 0.3249097466468811; val_WER: 0.3249097466468811
2024-04-23 06:20:27,914 - root - INFO - Epoch 85; loss: 0.7024038434028625; CER: 0.21927711367607117; WER: 0.21927711367607117; val_loss: 1.205622911453247; val_CER: 0.3610108196735382; val_WER: 0.3610108196735382
2024-04-23 06:21:12,945 - root - INFO - Epoch 86; loss: 0.7054787874221802; CER: 0.2240963876247406; WER: 0.2240963876247406; val_loss: 1.1354721784591675; val_CER: 0.3249097466468811; val_WER: 0.3249097466468811
2024-04-23 06:21:58,330 - root - INFO - Epoch 87; loss: 0.660466194152832; CER: 0.20602409541606903; WER: 0.20602409541606903; val_loss: 1.1650179624557495; val_CER: 0.3610108196735382; val_WER: 0.3610108196735382
2024-04-23 06:22:43,191 - root - INFO - Epoch 88; loss: 0.6790177822113037; CER: 0.22329317033290863; WER: 0.22329317033290863; val_loss: 1.2829339504241943; val_CER: 0.38989168405532837; val_WER: 0.38989168405532837
2024-04-23 06:23:28,798 - root - INFO - Epoch 89; loss: 0.6323947310447693; CER: 0.20281124114990234; WER: 0.20281124114990234; val_loss: 1.0597400665283203; val_CER: 0.31768953800201416; val_WER: 0.31768953800201416
2024-04-23 06:24:12,654 - root - INFO - Epoch 90; loss: 0.6141217350959778; CER: 0.19116465747356415; WER: 0.19116465747356415; val_loss: 1.114920973777771; val_CER: 0.32129964232444763; val_WER: 0.32129964232444763
2024-04-23 06:24:56,141 - root - INFO - Epoch 91; loss: 0.6118233799934387; CER: 0.19598393142223358; WER: 0.19598393142223358; val_loss: 1.2330758571624756; val_CER: 0.3610108196735382; val_WER: 0.3610108196735382
2024-04-23 06:25:40,556 - root - INFO - Epoch 92; loss: 0.6218608021736145; CER: 0.19317269325256348; WER: 0.19317269325256348; val_loss: 1.3069292306900024; val_CER: 0.36823105812072754; val_WER: 0.36823105812072754
2024-04-23 06:26:24,658 - root - INFO - Epoch 93; loss: 0.6122012138366699; CER: 0.20240963995456696; WER: 0.20240963995456696; val_loss: 1.1316074132919312; val_CER: 0.3285198509693146; val_WER: 0.3285198509693146
2024-04-23 06:27:09,314 - root - INFO - Epoch 94; loss: 0.6149312853813171; CER: 0.20361445844173431; WER: 0.20361445844173431; val_loss: 1.1225930452346802; val_CER: 0.32129964232444763; val_WER: 0.32129964232444763
2024-04-23 06:27:53,708 - root - INFO - Epoch 95; loss: 0.6137315034866333; CER: 0.19919678568840027; WER: 0.19919678568840027; val_loss: 1.1602661609649658; val_CER: 0.3249097466468811; val_WER: 0.3249097466468811
2024-04-23 06:28:38,304 - root - INFO - Epoch 96; loss: 0.6022437214851379; CER: 0.19598393142223358; WER: 0.19598393142223358; val_loss: 1.1399203538894653; val_CER: 0.3140794336795807; val_WER: 0.3140794336795807
2024-04-23 06:29:22,680 - root - INFO - Epoch 97; loss: 0.6224181056022644; CER: 0.19759036600589752; WER: 0.19759036600589752; val_loss: 1.1741955280303955; val_CER: 0.31768953800201416; val_WER: 0.31768953800201416
2024-04-23 06:30:05,790 - root - INFO - Epoch 98; loss: 0.5641743540763855; CER: 0.17670682072639465; WER: 0.17670682072639465; val_loss: 1.1454523801803589; val_CER: 0.33212995529174805; val_WER: 0.33212995529174805
2024-04-23 06:30:49,585 - root - INFO - Epoch 99; loss: 0.5343295931816101; CER: 0.16787149012088776; WER: 0.16787149012088776; val_loss: 1.1489405632019043; val_CER: 0.3465704023838043; val_WER: 0.3465704023838043
2024-04-23 06:31:33,432 - root - INFO - Epoch 100; loss: 0.5839456915855408; CER: 0.18514056503772736; WER: 0.18514056503772736; val_loss: 1.0996235609054565; val_CER: 0.3140794336795807; val_WER: 0.3140794336795807
2024-04-23 06:32:17,255 - root - INFO - Epoch 101; loss: 0.571193277835846; CER: 0.17871485650539398; WER: 0.17871485650539398; val_loss: 1.1311635971069336; val_CER: 0.3393501937389374; val_WER: 0.3393501937389374
2024-04-23 06:33:00,414 - root - INFO - Epoch 102; loss: 0.5486164689064026; CER: 0.17188754677772522; WER: 0.17188754677772522; val_loss: 1.242763638496399; val_CER: 0.3465704023838043; val_WER: 0.3465704023838043
2024-04-23 06:33:44,056 - root - INFO - Epoch 103; loss: 0.5345357656478882; CER: 0.17429718375205994; WER: 0.17429718375205994; val_loss: 1.1782208681106567; val_CER: 0.3285198509693146; val_WER: 0.3285198509693146
2024-04-23 06:34:28,446 - root - INFO - Epoch 104; loss: 0.5230931043624878; CER: 0.17108434438705444; WER: 0.17108434438705444; val_loss: 1.052361249923706; val_CER: 0.30685919523239136; val_WER: 0.30685919523239136
2024-04-23 06:35:11,732 - root - INFO - Epoch 105; loss: 0.5213286876678467; CER: 0.16746987402439117; WER: 0.16746987402439117; val_loss: 1.1458370685577393; val_CER: 0.3465704023838043; val_WER: 0.3465704023838043
2024-04-23 06:35:54,062 - root - INFO - Epoch 106; loss: 0.5204706788063049; CER: 0.1751004010438919; WER: 0.1751004010438919; val_loss: 1.0642186403274536; val_CER: 0.30685919523239136; val_WER: 0.30685919523239136
2024-04-23 06:36:37,750 - root - INFO - Epoch 107; loss: 0.516087532043457; CER: 0.17389558255672455; WER: 0.17389558255672455; val_loss: 1.063599944114685; val_CER: 0.29602888226509094; val_WER: 0.29602888226509094
2024-04-23 06:37:20,153 - root - INFO - Epoch 108; loss: 0.4934059679508209; CER: 0.1634538173675537; WER: 0.1634538173675537; val_loss: 1.089353084564209; val_CER: 0.30685919523239136; val_WER: 0.30685919523239136
2024-04-23 06:38:01,719 - root - INFO - Epoch 109; loss: 0.533478856086731; CER: 0.1698795109987259; WER: 0.1698795109987259; val_loss: 1.1020175218582153; val_CER: 0.3357400596141815; val_WER: 0.3357400596141815
2024-04-23 06:38:43,901 - root - INFO - Epoch 110; loss: 0.476466566324234; CER: 0.14859437942504883; WER: 0.14859437942504883; val_loss: 1.1284066438674927; val_CER: 0.3140794336795807; val_WER: 0.3140794336795807
2024-04-23 06:39:25,755 - root - INFO - Epoch 111; loss: 0.48733943700790405; CER: 0.15421687066555023; WER: 0.15421687066555023; val_loss: 1.101433515548706; val_CER: 0.3140794336795807; val_WER: 0.3140794336795807
2024-04-23 06:40:07,238 - root - INFO - Epoch 112; loss: 0.4862261116504669; CER: 0.161044180393219; WER: 0.161044180393219; val_loss: 1.2205044031143188; val_CER: 0.3465704023838043; val_WER: 0.3465704023838043
2024-04-23 06:40:49,044 - root - INFO - Epoch 113; loss: 0.46067968010902405; CER: 0.15662650763988495; WER: 0.15662650763988495; val_loss: 1.0832089185714722; val_CER: 0.3032490909099579; val_WER: 0.3032490909099579
2024-04-23 06:41:30,500 - root - INFO - Epoch 114; loss: 0.483960896730423; CER: 0.1582329273223877; WER: 0.1582329273223877; val_loss: 1.118218183517456; val_CER: 0.3285198509693146; val_WER: 0.3285198509693146
2024-04-23 06:42:12,385 - root - INFO - Epoch 115; loss: 0.4665592312812805; CER: 0.15863454341888428; WER: 0.15863454341888428; val_loss: 1.1405773162841797; val_CER: 0.3393501937389374; val_WER: 0.3393501937389374
2024-04-23 06:42:54,193 - root - INFO - Epoch 116; loss: 0.4656582474708557; CER: 0.14216867089271545; WER: 0.14216867089271545; val_loss: 1.1834739446640015; val_CER: 0.3610108196735382; val_WER: 0.3610108196735382
2024-04-23 06:43:36,067 - root - INFO - Epoch 117; loss: 0.47408363223075867; CER: 0.1606425642967224; WER: 0.1606425642967224; val_loss: 1.183729887008667; val_CER: 0.3501805067062378; val_WER: 0.3501805067062378
2024-04-23 06:44:18,084 - root - INFO - Epoch 118; loss: 0.43899813294410706; CER: 0.14216867089271545; WER: 0.14216867089271545; val_loss: 1.1451433897018433; val_CER: 0.32129964232444763; val_WER: 0.32129964232444763
2024-04-23 06:45:00,023 - root - INFO - Epoch 119; loss: 0.4374901354312897; CER: 0.1409638524055481; WER: 0.1409638524055481; val_loss: 1.1290998458862305; val_CER: 0.3140794336795807; val_WER: 0.3140794336795807
2024-04-23 06:45:41,954 - root - INFO - Epoch 120; loss: 0.44297346472740173; CER: 0.14176706969738007; WER: 0.14176706969738007; val_loss: 1.0961710214614868; val_CER: 0.31046929955482483; val_WER: 0.31046929955482483
2024-04-23 06:46:24,165 - root - INFO - Epoch 121; loss: 0.42635613679885864; CER: 0.14016065001487732; WER: 0.14016065001487732; val_loss: 1.0848057270050049; val_CER: 0.31768953800201416; val_WER: 0.31768953800201416
2024-04-23 06:47:05,860 - root - INFO - Epoch 122; loss: 0.45340195298194885; CER: 0.14497992396354675; WER: 0.14497992396354675; val_loss: 1.171085238456726; val_CER: 0.3393501937389374; val_WER: 0.3393501937389374
2024-04-23 06:47:48,158 - root - INFO - Epoch 123; loss: 0.4458620548248291; CER: 0.1469879448413849; WER: 0.1469879448413849; val_loss: 1.1405601501464844; val_CER: 0.33212995529174805; val_WER: 0.33212995529174805
2024-04-23 06:48:29,763 - root - INFO - Epoch 124; loss: 0.3981981575489044; CER: 0.12690763175487518; WER: 0.12690763175487518; val_loss: 1.0966770648956299; val_CER: 0.30685919523239136; val_WER: 0.30685919523239136
2024-04-23 06:49:11,638 - root - INFO - Epoch 125; loss: 0.4002341330051422; CER: 0.12208835035562515; WER: 0.12208835035562515; val_loss: 1.052896499633789; val_CER: 0.2996389865875244; val_WER: 0.2996389865875244
2024-04-23 06:49:53,328 - root - INFO - Epoch 126; loss: 0.42091187834739685; CER: 0.13373494148254395; WER: 0.13373494148254395; val_loss: 1.0703743696212769; val_CER: 0.32129964232444763; val_WER: 0.32129964232444763
2024-04-23 06:50:34,939 - root - INFO - Epoch 127; loss: 0.38168007135391235; CER: 0.12449799478054047; WER: 0.12449799478054047; val_loss: 1.018578290939331; val_CER: 0.3032490909099579; val_WER: 0.3032490909099579
2024-04-23 06:50:38,577 - tf2onnx.tfonnx - INFO - Using tensorflow=2.10.0, onnx=1.12.0, tf2onnx=1.14.0/8f8d49
2024-04-23 06:50:38,577 - tf2onnx.tfonnx - INFO - Using opset <onnx, 15>
2024-04-23 06:50:38,750 - tf2onnx.tf_utils - INFO - Computed 0 values for constant folding
2024-04-23 06:50:38,753 - tf2onnx.tf_utils - INFO - Computed 0 values for constant folding
2024-04-23 06:50:38,753 - tf2onnx.tf_utils - INFO - Computed 0 values for constant folding
2024-04-23 06:50:38,766 - tf2onnx.tf_utils - INFO - Computed 0 values for constant folding
2024-04-23 06:50:38,827 - tf2onnx.tf_utils - INFO - Computed 2 values for constant folding
2024-04-23 06:50:38,953 - tf2onnx.tfonnx - INFO - folding node using tf type=StridedSlice, name=model/bidirectional/forward_lstm/PartitionedCall/strided_slice
2024-04-23 06:50:38,953 - tf2onnx.tfonnx - INFO - folding node using tf type=StridedSlice, name=model/bidirectional/backward_lstm/PartitionedCall/strided_slice
2024-04-23 06:50:39,216 - tf2onnx.optimizer - INFO - Optimizing ONNX model
2024-04-23 06:50:39,883 - tf2onnx.optimizer - INFO - After optimization: BatchNormalization -18 (18->0), Cast -4 (11->7), Concat -4 (10->6), Const -130 (192->62), Expand -3 (4->1), Gather +2 (2->4), Identity -2 (2->0), Shape -1 (4->3), Slice -1 (5->4), Squeeze -3 (5->2), Transpose -81 (85->4), Unsqueeze -14 (17->3)
